2024-03-20 22:11:28.600 | INFO     | __main__:automation_main:814 - wrote file "procedural_data.txt" successfully to finished experiments 0.
2024-03-20 22:11:33.150 | INFO     | __main__:automation_main:851 - Filling procedure is going to be skipped.
2024-03-20 22:11:34.796 | INFO     | run_identifier:get_run_number:35 - This is run number 274.
2024-03-20 22:11:34.811 | INFO     | __main__:get_documentation:244 - 

+----+-----------+-------------+-------------+------------+------------+--------------+-------------+------------------+------------+
|    |   Sample  |   Currents  |   Voltages  |      Flow  |      Flow  |   Dillution  |   z-Values  |          Sample  |     Stady  |
|    |    Number |        (mA) |         (V) |      Rate  |      Rate  |          B:A |     (F/mol) |   Concentration  |     state  |
|    |           |             |             |    Pump A  |    Pump B  |              |             |          (mol/L) |   rinsing  |
|    |           |             |             |   (μL/min) |   (μL/min) |              |             |                  |     factor |
|----+-----------+-------------+-------------+------------+------------+--------------+-------------+------------------+------------|
|  0 |         1 |         2.5 |          12 |        833 |         24 |       0.0288 |         2.5 |            0.025 |          3 |
|  1 |         2 |         2.5 |          12 |        833 |         22 |       0.0264 |         2.8 |            0.025 |          3 |
|  2 |         3 |         2.5 |          12 |        833 |         20 |       0.024  |         3   |            0.025 |          3 |
|  3 |         4 |         2.7 |          12 |        833 |         26 |       0.0312 |         2.5 |            0.025 |          3 |
|  4 |         5 |         2.7 |          12 |        833 |         23 |       0.0276 |         2.8 |            0.025 |          3 |
|  5 |         6 |         2.7 |          12 |        833 |         22 |       0.0264 |         3   |            0.025 |          3 |
|  6 |         7 |         2.9 |          12 |        833 |         28 |       0.0336 |         2.5 |            0.025 |          3 |
|  7 |         8 |         2.9 |          12 |        833 |         25 |       0.03   |         2.8 |            0.025 |          3 |
|  8 |         9 |         2.9 |          12 |        833 |         24 |       0.0288 |         3   |            0.025 |          3 |
|  9 |        10 |         3.1 |          12 |        833 |         30 |       0.036  |         2.5 |            0.025 |          3 |
| 10 |        11 |         3.1 |          12 |        833 |         27 |       0.0324 |         2.8 |            0.025 |          3 |
| 11 |        12 |         3.1 |          12 |        833 |         25 |       0.03   |         3   |            0.025 |          3 |
| 12 |        13 |         3.3 |          12 |        833 |         32 |       0.0384 |         2.5 |            0.025 |          3 |
| 13 |        14 |         3.3 |          12 |        833 |         29 |       0.0348 |         2.8 |            0.025 |          3 |
| 14 |        15 |         3.3 |          12 |        833 |         27 |       0.0324 |         3   |            0.025 |          3 |
| 15 |        16 |         3.5 |          12 |        833 |         34 |       0.0408 |         2.5 |            0.025 |          3 |
| 16 |        17 |         3.5 |          12 |        833 |         31 |       0.0372 |         2.8 |            0.025 |          3 |
| 17 |        18 |         3.5 |          12 |        833 |         29 |       0.0348 |         3   |            0.025 |          3 |
| 18 |        19 |         3.7 |          12 |        833 |         36 |       0.0432 |         2.5 |            0.025 |          3 |
| 19 |        20 |         3.7 |          12 |        833 |         32 |       0.0384 |         2.8 |            0.025 |          3 |
| 20 |        21 |         3.7 |          12 |        833 |         30 |       0.036  |         3   |            0.025 |          3 |
| 21 |        22 |         3.9 |          12 |        833 |         38 |       0.0456 |         2.5 |            0.025 |          3 |
| 22 |        23 |         3.9 |          12 |        833 |         34 |       0.0408 |         2.8 |            0.025 |          3 |
| 23 |        24 |         3.9 |          12 |        833 |         32 |       0.0384 |         3   |            0.025 |          3 |
| 24 |        25 |         4.2 |          12 |        833 |         41 |       0.0492 |         2.5 |            0.025 |          3 |
| 25 |        26 |         4.2 |          12 |        833 |         37 |       0.0444 |         2.8 |            0.025 |          3 |
| 26 |        27 |         4.2 |          12 |        833 |         34 |       0.0408 |         3   |            0.025 |          3 |
| 27 |        28 |         4.5 |          12 |        833 |         44 |       0.0528 |         2.5 |            0.025 |          3 |
| 28 |        29 |         4.5 |          12 |        833 |         39 |       0.0468 |         2.8 |            0.025 |          3 |
| 29 |        30 |         4.5 |          12 |        833 |         37 |       0.0444 |         3   |            0.025 |          3 |
| 30 |        31 |         4.8 |          12 |        833 |         47 |       0.0564 |         2.5 |            0.025 |          3 |
| 31 |        32 |         4.8 |          12 |        833 |         42 |       0.0504 |         2.8 |            0.025 |          3 |
| 32 |        33 |         4.8 |          12 |        833 |         39 |       0.0468 |         3   |            0.025 |          3 |
| 33 |        34 |         5.2 |          12 |        833 |         51 |       0.0612 |         2.5 |            0.025 |          3 |
| 34 |        35 |         5.2 |          12 |        833 |         46 |       0.0552 |         2.8 |            0.025 |          3 |
| 35 |        36 |         5.2 |          12 |        833 |         43 |       0.0516 |         3   |            0.025 |          3 |
| 36 |        37 |         5.6 |          12 |        833 |         55 |       0.066  |         2.5 |            0.025 |          3 |
| 37 |        38 |         5.6 |          12 |        833 |         49 |       0.0588 |         2.8 |            0.025 |          3 |
| 38 |        39 |         5.6 |          12 |        833 |         46 |       0.0552 |         3   |            0.025 |          3 |
| 39 |        40 |         6   |          12 |        833 |         59 |       0.0708 |         2.5 |            0.025 |          3 |
| 40 |        41 |         6   |          12 |        833 |         53 |       0.0636 |         2.8 |            0.025 |          3 |
| 41 |        42 |         6   |          12 |        833 |         49 |       0.0588 |         3   |            0.025 |          3 |
+----+-----------+-------------+-------------+------------+------------+--------------+-------------+------------------+------------+


2024-03-20 22:11:35.088 | INFO     | run_identifier:set_run_number:23 - writing run number: 275
2024-03-20 22:11:35.088 | INFO     | __main__:automation_main:878 - run ID: RgmV-3173-lgMs-0247
2024-03-20 22:11:37.596 | INFO     | gsioc:bCommand:176 - GSIOC <<< VL
2024-03-20 22:11:37.696 | ERROR    | gsioc:bCommand:190 - Attempt 1/100: sent buffered Command VL, in binascii: b'\nVL\r'
2024-03-20 22:11:37.698 | INFO     | gsioc:bCommand:176 - GSIOC <<< VL
2024-03-20 22:11:37.798 | ERROR    | gsioc:bCommand:190 - Attempt 2/100: sent buffered Command VL, in binascii: b'\nVL\r'
2024-03-20 22:11:37.799 | INFO     | gsioc:bCommand:176 - GSIOC <<< VL
2024-03-20 22:11:38.281 | INFO     | gsioc:bCommand:263 - GSIOC >>> bytearray(b'\nVL\r')
2024-03-20 22:11:41.144 | INFO     | gsioc:bCommand:176 - GSIOC <<< H
2024-03-20 22:11:41.247 | ERROR    | gsioc:bCommand:190 - Attempt 1/100: sent buffered Command H, in binascii: b'\nH\r'
2024-03-20 22:11:41.248 | INFO     | gsioc:bCommand:176 - GSIOC <<< H
2024-03-20 22:11:41.698 | INFO     | gsioc:bCommand:263 - GSIOC >>> bytearray(b'\nH\r')
2024-03-20 22:11:41.699 | INFO     | __main__:get_prediction:550 - <<< predicted durations of the experiments (setup1 fitted curve model) in ascending order: [173.1331487155108, 173.4245324271269, 173.7170903944362, 172.84293182354907, 173.27869425562383, 173.4245324271269, 172.55387437945456, 172.98789487930748, 173.1331487155108, 172.26596907498902, 172.69825862876456, 172.98789487930748, 171.9792086647697, 172.40977816406968, 172.69825862876456, 171.69358596558502, 172.12244620849847, 172.40977816406968, 171.4090938557191, 171.9792086647697, 172.26596907498902, 171.12572527428546, 171.69358596558502, 171.9792086647697, 170.702763720175, 171.26726956289556, 171.69358596558502, 170.2822909904012, 170.9844601166747, 171.26726956289556, 169.86428400447835, 170.562330753378, 170.9844601166747, 169.31073761160272, 170.0033471075778, 170.4221734617245, 168.76148105709686, 169.58697127265734, 170.0033471075778, 168.21646200308325, 169.0355763962646, 169.58697127265734] >>>
2024-03-20 22:11:41.702 | INFO     | gsioc:bCommand:176 - GSIOC <<< WBB
2024-03-20 22:11:41.831 | ERROR    | gsioc:bCommand:190 - Attempt 2/100: sent buffered Command WBB, in binascii: b'\nWBB\r'
2024-03-20 22:11:41.832 | INFO     | gsioc:bCommand:176 - GSIOC <<< WBB
2024-03-20 22:11:42.515 | INFO     | gsioc:bCommand:263 - GSIOC >>> bytearray(b'\nWBB\r')
2024-03-20 22:11:46.554 | INFO     | __main__:set_power_supply:530 - command: OUT OFF, reply: b'\x13\x11'
2024-03-20 22:11:49.564 | INFO     | __main__:run_experiments:568 - <<< starting with the actual process: at 1710969101.7016954 >>>
2024-03-20 22:11:49.567 | INFO     | __main__:run_experiments:589 - <<< going on with experiment 1 (flowrates: (833, 24) uL/min) after 7.86468243598938 sec >>>
2024-03-20 22:11:52.517 | INFO     | gsioc:bCommand:176 - GSIOC <<< W01
2024-03-20 22:11:52.621 | ERROR    | gsioc:bCommand:190 - Attempt 3/100: sent buffered Command W01, in binascii: b'\nW01\r'
2024-03-20 22:11:52.622 | INFO     | gsioc:bCommand:176 - GSIOC <<< W01
2024-03-20 22:11:53.315 | INFO     | gsioc:bCommand:263 - GSIOC >>> bytearray(b'\nW01\r')
2024-03-20 22:11:57.349 | INFO     | __main__:set_power_supply:530 - command: OUT OFF, reply: b'\x13\x11'
2024-03-20 22:12:07.848 | INFO     | gsioc:bCommand:176 - GSIOC <<< VL
2024-03-20 22:12:07.949 | ERROR    | gsioc:bCommand:190 - Attempt 3/100: sent buffered Command VL, in binascii: b'\nVL\r'
2024-03-20 22:12:07.949 | INFO     | gsioc:bCommand:176 - GSIOC <<< VL
2024-03-20 22:12:08.549 | INFO     | gsioc:bCommand:263 - GSIOC >>> bytearray(b'\nVL\r')
2024-03-20 22:12:08.766 | INFO     | __main__:collect_rxn:639 - <<< Experiment is starting right now >>>
2024-03-20 22:12:08.767 | INFO     | __main__:config_pump:372 - OPC-UA Client: Connecting to opc.tcp://127.0.0.1:36090/freeopcua/server/ ...
2024-03-20 22:12:09.810 | INFO     | __main__:config_pump:380 - AsiaPump_24196A: Pump stopped.
2024-03-20 22:12:10.819 | INFO     | run_syrringe_pump:set_flowrate_to:90 - AsiaPump_24196B: FlowRate set to 250
2024-03-20 22:12:25.827 | INFO     | __main__:config_pump:372 - OPC-UA Client: Connecting to opc.tcp://127.0.0.1:36090/freeopcua/server/ ...
2024-03-20 22:12:26.864 | INFO     | run_syrringe_pump:set_flowrate_to:90 - AsiaPump_24196A: FlowRate set to 833
2024-03-20 22:12:27.873 | INFO     | run_syrringe_pump:set_flowrate_to:90 - AsiaPump_24196B: FlowRate set to 24
2024-03-20 22:12:31.908 | CRITICAL | immortility_decorator:tolerate_errors:29 - Exception caught: 
2024-03-20 22:12:31.909 | INFO     | immortility_decorator:tolerate_errors:39 - finally statement: Attempt 1/2
2024-03-20 22:12:33.148 | ERROR    | gsioc:iCommand:143 - Attempt 4/100: sent Immediate Command %, in binascii: b'%'
2024-03-20 22:12:33.262 | ERROR    | gsioc:iCommand:143 - Attempt 5/100: sent Immediate Command %, in binascii: b'%'
2024-03-20 22:12:33.379 | ERROR    | gsioc:iCommand:143 - Attempt 6/100: sent Immediate Command %, in binascii: b'%'
2024-03-20 22:12:33.481 | ERROR    | gsioc:iCommand:143 - Attempt 7/100: sent Immediate Command %, in binascii: b'%'
2024-03-20 22:12:33.596 | ERROR    | gsioc:iCommand:143 - Attempt 8/100: sent Immediate Command %, in binascii: b'%'
2024-03-20 22:12:33.697 | ERROR    | gsioc:iCommand:143 - Attempt 9/100: sent Immediate Command %, in binascii: b'%'
2024-03-20 22:12:33.812 | ERROR    | gsioc:iCommand:143 - Attempt 10/100: sent Immediate Command %, in binascii: b'%'
2024-03-20 22:12:33.914 | ERROR    | gsioc:iCommand:143 - Attempt 11/100: sent Immediate Command %, in binascii: b'%'
2024-03-20 22:12:34.031 | ERROR    | gsioc:iCommand:143 - Attempt 12/100: sent Immediate Command %, in binascii: b'%'
2024-03-20 22:12:34.147 | ERROR    | gsioc:iCommand:143 - Attempt 13/100: sent Immediate Command %, in binascii: b'%'
2024-03-20 22:12:34.263 | ERROR    | gsioc:iCommand:143 - Attempt 14/100: sent Immediate Command %, in binascii: b'%'
2024-03-20 22:12:34.380 | ERROR    | gsioc:iCommand:143 - Attempt 15/100: sent Immediate Command %, in binascii: b'%'
2024-03-20 22:12:34.481 | ERROR    | gsioc:iCommand:143 - Attempt 16/100: sent Immediate Command %, in binascii: b'%'
2024-03-20 22:12:34.595 | ERROR    | gsioc:iCommand:143 - Attempt 17/100: sent Immediate Command %, in binascii: b'%'
2024-03-20 22:12:34.699 | ERROR    | gsioc:iCommand:143 - Attempt 18/100: sent Immediate Command %, in binascii: b'%'
2024-03-20 22:12:34.814 | ERROR    | gsioc:iCommand:143 - Attempt 19/100: sent Immediate Command %, in binascii: b'%'
2024-03-20 22:12:34.916 | ERROR    | gsioc:iCommand:143 - Attempt 20/100: sent Immediate Command %, in binascii: b'%'
2024-03-20 22:12:35.016 | ERROR    | gsioc:iCommand:143 - Attempt 21/100: sent Immediate Command %, in binascii: b'%'
2024-03-20 22:12:35.131 | ERROR    | gsioc:iCommand:143 - Attempt 22/100: sent Immediate Command %, in binascii: b'%'
2024-03-20 22:12:35.247 | ERROR    | gsioc:iCommand:143 - Attempt 23/100: sent Immediate Command %, in binascii: b'%'
2024-03-20 22:12:35.348 | ERROR    | gsioc:iCommand:143 - Attempt 24/100: sent Immediate Command %, in binascii: b'%'
2024-03-20 22:12:35.465 | ERROR    | gsioc:iCommand:143 - Attempt 25/100: sent Immediate Command %, in binascii: b'%'
2024-03-20 22:12:35.581 | ERROR    | gsioc:iCommand:143 - Attempt 26/100: sent Immediate Command %, in binascii: b'%'
2024-03-20 22:12:35.698 | ERROR    | gsioc:iCommand:143 - Attempt 27/100: sent Immediate Command %, in binascii: b'%'
2024-03-20 22:12:35.800 | CRITICAL | immortility_decorator:tolerate_errors:29 - Exception caught: 
2024-03-20 22:12:35.800 | INFO     | immortility_decorator:tolerate_errors:39 - finally statement: Attempt 2/2
